<?xml version="1.0" encoding="UTF-8"?>
<!-- Generated by org.testng.reporters.JUnitReportReporter -->
<testsuite hostname="DESKTOP-OOQ7SLD" failures="0" tests="1" name="com.parameters.ParameterTest" time="7.398" errors="0" timestamp="30 Jul 2018 06:24:38 GMT" skipped="0">
  <testcase classname="com.parameters.ParameterTest" name="yahooLoginTest" time="7.398"/>
</testsuite> <!-- com.parameters.ParameterTest -->
